[debug] [2019-07-25T19:26:53.588Z] ----------------------------------------------------------------------
[debug] [2019-07-25T19:26:53.590Z] Command:       C:\Program Files\nodejs\node.exe C:\Users\walla\AppData\Roaming\npm\node_modules\firebase-tools\lib\bin\firebase.js deploy
[debug] [2019-07-25T19:26:53.590Z] CLI Version:   7.1.1
[debug] [2019-07-25T19:26:53.590Z] Platform:      win32
[debug] [2019-07-25T19:26:53.590Z] Node Version:  v10.14.1
[debug] [2019-07-25T19:26:53.592Z] Time:          Thu Jul 25 2019 14:26:53 GMT-0500 (GMT-05:00)
[debug] [2019-07-25T19:26:53.592Z] ----------------------------------------------------------------------
[debug] 
[debug] [2019-07-25T19:26:53.603Z] > command requires scopes: ["email","openid","https://www.googleapis.com/auth/cloudplatformprojects.readonly","https://www.googleapis.com/auth/firebase","https://www.googleapis.com/auth/cloud-platform"]
[debug] [2019-07-25T19:26:53.604Z] > authorizing via signed-in user
[debug] [2019-07-25T19:26:53.604Z] [iam] checking project app-tokpets-dev for permissions ["cloudfunctions.functions.create","cloudfunctions.functions.delete","cloudfunctions.functions.get","cloudfunctions.functions.list","cloudfunctions.functions.update","cloudfunctions.operations.get","datastore.indexes.create","datastore.indexes.delete","datastore.indexes.list","datastore.indexes.update","firebase.projects.get","firebasedatabase.instances.update","firebasehosting.sites.update","firebaserules.releases.create","firebaserules.releases.update","firebaserules.rulesets.create"]
[debug] [2019-07-25T19:26:53.608Z] >>> HTTP REQUEST POST https://cloudresourcemanager.googleapis.com/v1/projects/app-tokpets-dev:testIamPermissions  

[debug] [2019-07-25T19:26:55.117Z] <<< HTTP RESPONSE 200
[debug] [2019-07-25T19:26:55.128Z] >>> HTTP REQUEST GET https://firebase.googleapis.com/v1beta1/projects/app-tokpets-dev  
 
[debug] [2019-07-25T19:26:55.498Z] <<< HTTP RESPONSE 200
[info] 
[info] === Deploying to 'app-tokpets-dev'...
[info] 
[info] i  deploying database, storage, firestore, functions, hosting
[info] Running command: npm --prefix "$RESOURCE_DIR" run lint
[info] Running command: npm --prefix "$RESOURCE_DIR" run build
[info] +  functions: Finished running predeploy script.
[info] i  database: checking rules syntax...
[debug] [2019-07-25T19:27:13.067Z] >>> HTTP REQUEST PUT https://app-tokpets-dev.firebaseio.com/.settings/rules.json?dryRun=true  
 {
  "rules": {
    ".read": false,
    ".write": false
  }
}
[debug] [2019-07-25T19:27:16.100Z] <<< HTTP RESPONSE 200
[info] +  database: rules syntax for database app-tokpets-dev is valid
[debug] [2019-07-25T19:27:16.104Z] >>> HTTP REQUEST GET https://appengine.googleapis.com/v1/apps/app-tokpets-dev  
 
[debug] [2019-07-25T19:27:33.424Z] <<< HTTP RESPONSE 200
[info] i  storage: checking ./server/storage/storage.rules for compilation errors...
[debug] [2019-07-25T19:27:33.429Z] >>> HTTP REQUEST POST https://firebaserules.googleapis.com/v1/projects/app-tokpets-dev:test  

[debug] [2019-07-25T19:27:34.339Z] <<< HTTP RESPONSE 200
[info] +  storage: rules file ./server/storage/storage.rules compiled successfully
[info] i  firestore: checking ./server/database/firestore.rules for compilation errors...
[info] i  firestore: reading indexes from ./server/database/firestore.indexes.json...
[debug] [2019-07-25T19:27:34.348Z] >>> HTTP REQUEST POST https://firebaserules.googleapis.com/v1/projects/app-tokpets-dev:test  

[debug] [2019-07-25T19:27:35.605Z] <<< HTTP RESPONSE 200
[info] +  firestore: rules file ./server/database/firestore.rules compiled successfully
[debug] [2019-07-25T19:27:35.612Z] > [functions] package.json contents: {
  "name": "functions",
  "scripts": {
    "lint": "tslint --project tsconfig.json",
    "build": "tsc",
    "serve": "npm run build && firebase serve --only functions",
    "shell": "npm run build && firebase functions:shell",
    "start": "npm run shell",
    "deploy": "firebase deploy --only functions",
    "logs": "firebase functions:log"
  },
  "engines": {
    "node": "8"
  },
  "main": "lib/index.js",
  "dependencies": {
    "firebase-admin": "^8.0.0",
    "firebase-functions": "^3.1.0"
  },
  "devDependencies": {
    "tslint": "^5.12.0",
    "typescript": "^3.2.2"
  },
  "private": true
}
[info] i  functions: ensuring necessary APIs are enabled...
[debug] [2019-07-25T19:27:35.614Z] >>> HTTP REQUEST GET https://serviceusage.googleapis.com/v1/projects/app-tokpets-dev/services/cloudfunctions.googleapis.com  
 
[debug] [2019-07-25T19:27:35.616Z] >>> HTTP REQUEST GET https://serviceusage.googleapis.com/v1/projects/app-tokpets-dev/services/runtimeconfig.googleapis.com  
 
[debug] [2019-07-25T19:27:35.983Z] <<< HTTP RESPONSE 502
[debug] [2019-07-25T19:27:35.983Z] <<< HTTP RESPONSE BODY <!DOCTYPE html>
<html lang=en>
  <meta charset=utf-8>
  <meta name=viewport content="initial-scale=1, minimum-scale=1, width=device-width">
  <title>Error 502 (Server Error)!!1</title>
  <style>
    *{margin:0;padding:0}html,code{font:15px/22px arial,sans-serif}html{background:#fff;color:#222;padding:15px}body{margin:7% auto 0;max-width:390px;min-height:180px;padding:30px 0 15px}* > body{background:url(//www.google.com/images/errors/robot.png) 100% 5px no-repeat;padding-right:205px}p{margin:11px 0 22px;overflow:hidden}ins{color:#777;text-decoration:none}a img{border:0}@media screen and (max-width:772px){body{background:none;margin-top:0;max-width:none;padding-right:0}}#logo{background:url(//www.google.com/images/branding/googlelogo/1x/googlelogo_color_150x54dp.png) no-repeat;margin-left:-5px}@media only screen and (min-resolution:192dpi){#logo{background:url(//www.google.com/images/branding/googlelogo/2x/googlelogo_color_150x54dp.png) no-repeat 0% 0%/100% 100%;-moz-border-image:url(//www.google.com/images/branding/googlelogo/2x/googlelogo_color_150x54dp.png) 0}}@media only screen and (-webkit-min-device-pixel-ratio:2){#logo{background:url(//www.google.com/images/branding/googlelogo/2x/googlelogo_color_150x54dp.png) no-repeat;-webkit-background-size:100% 100%}}#logo{display:inline-block;height:54px;width:150px}
  </style>
  <a href=//www.google.com/><span id=logo aria-label=Google></span></a>
  <p><b>502.</b> <ins>That’s an error.</ins>
  <p>The server encountered a temporary error and could not complete your request.<p>Please try again in 30 seconds.  <ins>That’s all we know.</ins>

[debug] [2019-07-25T19:27:36.526Z] <<< HTTP RESPONSE 502
[debug] [2019-07-25T19:27:36.527Z] <<< HTTP RESPONSE BODY <!DOCTYPE html>
<html lang=en>
  <meta charset=utf-8>
  <meta name=viewport content="initial-scale=1, minimum-scale=1, width=device-width">
  <title>Error 502 (Server Error)!!1</title>
  <style>
    *{margin:0;padding:0}html,code{font:15px/22px arial,sans-serif}html{background:#fff;color:#222;padding:15px}body{margin:7% auto 0;max-width:390px;min-height:180px;padding:30px 0 15px}* > body{background:url(//www.google.com/images/errors/robot.png) 100% 5px no-repeat;padding-right:205px}p{margin:11px 0 22px;overflow:hidden}ins{color:#777;text-decoration:none}a img{border:0}@media screen and (max-width:772px){body{background:none;margin-top:0;max-width:none;padding-right:0}}#logo{background:url(//www.google.com/images/branding/googlelogo/1x/googlelogo_color_150x54dp.png) no-repeat;margin-left:-5px}@media only screen and (min-resolution:192dpi){#logo{background:url(//www.google.com/images/branding/googlelogo/2x/googlelogo_color_150x54dp.png) no-repeat 0% 0%/100% 100%;-moz-border-image:url(//www.google.com/images/branding/googlelogo/2x/googlelogo_color_150x54dp.png) 0}}@media only screen and (-webkit-min-device-pixel-ratio:2){#logo{background:url(//www.google.com/images/branding/googlelogo/2x/googlelogo_color_150x54dp.png) no-repeat;-webkit-background-size:100% 100%}}#logo{display:inline-block;height:54px;width:150px}
  </style>
  <a href=//www.google.com/><span id=logo aria-label=Google></span></a>
  <p><b>502.</b> <ins>That’s an error.</ins>
  <p>The server encountered a temporary error and could not complete your request.<p>Please try again in 30 seconds.  <ins>That’s all we know.</ins>

[debug] [2019-07-25T19:38:25.547Z] ----------------------------------------------------------------------
[debug] [2019-07-25T19:38:25.551Z] Command:       C:\Program Files\nodejs\node.exe C:\Users\walla\AppData\Roaming\npm\node_modules\firebase-tools\lib\bin\firebase.js deploy
[debug] [2019-07-25T19:38:25.552Z] CLI Version:   7.1.1
[debug] [2019-07-25T19:38:25.552Z] Platform:      win32
[debug] [2019-07-25T19:38:25.552Z] Node Version:  v10.14.1
[debug] [2019-07-25T19:38:25.555Z] Time:          Thu Jul 25 2019 14:38:25 GMT-0500 (GMT-05:00)
[debug] [2019-07-25T19:38:25.555Z] ----------------------------------------------------------------------
[debug] 
[debug] [2019-07-25T19:38:25.574Z] > command requires scopes: ["email","openid","https://www.googleapis.com/auth/cloudplatformprojects.readonly","https://www.googleapis.com/auth/firebase","https://www.googleapis.com/auth/cloud-platform"]
[debug] [2019-07-25T19:38:25.576Z] > authorizing via signed-in user
[debug] [2019-07-25T19:38:25.576Z] [iam] checking project app-tokpets-dev for permissions ["cloudfunctions.functions.create","cloudfunctions.functions.delete","cloudfunctions.functions.get","cloudfunctions.functions.list","cloudfunctions.functions.update","cloudfunctions.operations.get","datastore.indexes.create","datastore.indexes.delete","datastore.indexes.list","datastore.indexes.update","firebase.projects.get","firebasedatabase.instances.update","firebasehosting.sites.update","firebaserules.releases.create","firebaserules.releases.update","firebaserules.rulesets.create"]
[debug] [2019-07-25T19:38:25.579Z] >>> HTTP REQUEST POST https://cloudresourcemanager.googleapis.com/v1/projects/app-tokpets-dev:testIamPermissions  

[debug] [2019-07-25T19:38:26.784Z] <<< HTTP RESPONSE 200
[debug] [2019-07-25T19:38:26.787Z] >>> HTTP REQUEST GET https://firebase.googleapis.com/v1beta1/projects/app-tokpets-dev  
 
[debug] [2019-07-25T19:38:27.668Z] <<< HTTP RESPONSE 200
[info] 
[info] === Deploying to 'app-tokpets-dev'...
[info] 
[info] i  deploying database, storage, firestore, functions, hosting
[info] Running command: npm --prefix "$RESOURCE_DIR" run lint
[info] Running command: npm --prefix "$RESOURCE_DIR" run build
[info] +  functions: Finished running predeploy script.
[info] i  database: checking rules syntax...
[debug] [2019-07-25T19:38:49.278Z] >>> HTTP REQUEST PUT https://app-tokpets-dev.firebaseio.com/.settings/rules.json?dryRun=true  
 {
  "rules": {
    ".read": false,
    ".write": false
  }
}
[debug] [2019-07-25T19:38:50.208Z] <<< HTTP RESPONSE 200
[info] +  database: rules syntax for database app-tokpets-dev is valid
[debug] [2019-07-25T19:38:50.213Z] >>> HTTP REQUEST GET https://appengine.googleapis.com/v1/apps/app-tokpets-dev  
 
[debug] [2019-07-25T19:39:01.045Z] <<< HTTP RESPONSE 200
[info] i  storage: checking ./server/storage/storage.rules for compilation errors...
[debug] [2019-07-25T19:39:01.051Z] >>> HTTP REQUEST POST https://firebaserules.googleapis.com/v1/projects/app-tokpets-dev:test  

[debug] [2019-07-25T19:39:06.814Z] <<< HTTP RESPONSE 200
[info] +  storage: rules file ./server/storage/storage.rules compiled successfully
[info] i  firestore: checking ./server/database/firestore.rules for compilation errors...
[info] i  firestore: reading indexes from ./server/database/firestore.indexes.json...
[debug] [2019-07-25T19:39:06.867Z] >>> HTTP REQUEST POST https://firebaserules.googleapis.com/v1/projects/app-tokpets-dev:test  

[debug] [2019-07-25T19:39:07.210Z] <<< HTTP RESPONSE 200
[info] +  firestore: rules file ./server/database/firestore.rules compiled successfully
[debug] [2019-07-25T19:39:07.215Z] > [functions] package.json contents: {
  "name": "functions",
  "scripts": {
    "lint": "tslint --project tsconfig.json",
    "build": "tsc",
    "serve": "npm run build && firebase serve --only functions",
    "shell": "npm run build && firebase functions:shell",
    "start": "npm run shell",
    "deploy": "firebase deploy --only functions",
    "logs": "firebase functions:log"
  },
  "engines": {
    "node": "8"
  },
  "main": "lib/index.js",
  "dependencies": {
    "firebase-admin": "^8.0.0",
    "firebase-functions": "^3.1.0"
  },
  "devDependencies": {
    "tslint": "^5.12.0",
    "typescript": "^3.2.2"
  },
  "private": true
}
[info] i  functions: ensuring necessary APIs are enabled...
[debug] [2019-07-25T19:39:07.217Z] >>> HTTP REQUEST GET https://serviceusage.googleapis.com/v1/projects/app-tokpets-dev/services/cloudfunctions.googleapis.com  
 
[debug] [2019-07-25T19:39:07.218Z] >>> HTTP REQUEST GET https://serviceusage.googleapis.com/v1/projects/app-tokpets-dev/services/runtimeconfig.googleapis.com  
 
[debug] [2019-07-25T19:39:14.953Z] <<< HTTP RESPONSE 502
[debug] [2019-07-25T19:39:14.953Z] <<< HTTP RESPONSE BODY <!DOCTYPE html>
<html lang=en>
  <meta charset=utf-8>
  <meta name=viewport content="initial-scale=1, minimum-scale=1, width=device-width">
  <title>Error 502 (Server Error)!!1</title>
  <style>
    *{margin:0;padding:0}html,code{font:15px/22px arial,sans-serif}html{background:#fff;color:#222;padding:15px}body{margin:7% auto 0;max-width:390px;min-height:180px;padding:30px 0 15px}* > body{background:url(//www.google.com/images/errors/robot.png) 100% 5px no-repeat;padding-right:205px}p{margin:11px 0 22px;overflow:hidden}ins{color:#777;text-decoration:none}a img{border:0}@media screen and (max-width:772px){body{background:none;margin-top:0;max-width:none;padding-right:0}}#logo{background:url(//www.google.com/images/branding/googlelogo/1x/googlelogo_color_150x54dp.png) no-repeat;margin-left:-5px}@media only screen and (min-resolution:192dpi){#logo{background:url(//www.google.com/images/branding/googlelogo/2x/googlelogo_color_150x54dp.png) no-repeat 0% 0%/100% 100%;-moz-border-image:url(//www.google.com/images/branding/googlelogo/2x/googlelogo_color_150x54dp.png) 0}}@media only screen and (-webkit-min-device-pixel-ratio:2){#logo{background:url(//www.google.com/images/branding/googlelogo/2x/googlelogo_color_150x54dp.png) no-repeat;-webkit-background-size:100% 100%}}#logo{display:inline-block;height:54px;width:150px}
  </style>
  <a href=//www.google.com/><span id=logo aria-label=Google></span></a>
  <p><b>502.</b> <ins>That’s an error.</ins>
  <p>The server encountered a temporary error and could not complete your request.<p>Please try again in 30 seconds.  <ins>That’s all we know.</ins>

[debug] [2019-07-25T19:39:15.020Z] <<< HTTP RESPONSE 502
[debug] [2019-07-25T19:39:15.021Z] <<< HTTP RESPONSE BODY <!DOCTYPE html>
<html lang=en>
  <meta charset=utf-8>
  <meta name=viewport content="initial-scale=1, minimum-scale=1, width=device-width">
  <title>Error 502 (Server Error)!!1</title>
  <style>
    *{margin:0;padding:0}html,code{font:15px/22px arial,sans-serif}html{background:#fff;color:#222;padding:15px}body{margin:7% auto 0;max-width:390px;min-height:180px;padding:30px 0 15px}* > body{background:url(//www.google.com/images/errors/robot.png) 100% 5px no-repeat;padding-right:205px}p{margin:11px 0 22px;overflow:hidden}ins{color:#777;text-decoration:none}a img{border:0}@media screen and (max-width:772px){body{background:none;margin-top:0;max-width:none;padding-right:0}}#logo{background:url(//www.google.com/images/branding/googlelogo/1x/googlelogo_color_150x54dp.png) no-repeat;margin-left:-5px}@media only screen and (min-resolution:192dpi){#logo{background:url(//www.google.com/images/branding/googlelogo/2x/googlelogo_color_150x54dp.png) no-repeat 0% 0%/100% 100%;-moz-border-image:url(//www.google.com/images/branding/googlelogo/2x/googlelogo_color_150x54dp.png) 0}}@media only screen and (-webkit-min-device-pixel-ratio:2){#logo{background:url(//www.google.com/images/branding/googlelogo/2x/googlelogo_color_150x54dp.png) no-repeat;-webkit-background-size:100% 100%}}#logo{display:inline-block;height:54px;width:150px}
  </style>
  <a href=//www.google.com/><span id=logo aria-label=Google></span></a>
  <p><b>502.</b> <ins>That’s an error.</ins>
  <p>The server encountered a temporary error and could not complete your request.<p>Please try again in 30 seconds.  <ins>That’s all we know.</ins>

[error] 
[error] Error: HTTP Error: 502, Unknown Error
[debug] [2019-07-25T19:39:15.545Z] Error Context: {
  "body": {
    "error": {
      "message": "Unknown Error"
    }
  },
  "response": {
    "statusCode": 502,
    "body": "<!DOCTYPE html>\n<html lang=en>\n  <meta charset=utf-8>\n  <meta name=viewport content=\"initial-scale=1, minimum-scale=1, width=device-width\">\n  <title>Error 502 (Server Error)!!1</title>\n  <style>\n    *{margin:0;padding:0}html,code{font:15px/22px arial,sans-serif}html{background:#fff;color:#222;padding:15px}body{margin:7% auto 0;max-width:390px;min-height:180px;padding:30px 0 15px}* > body{background:url(//www.google.com/images/errors/robot.png) 100% 5px no-repeat;padding-right:205px}p{margin:11px 0 22px;overflow:hidden}ins{color:#777;text-decoration:none}a img{border:0}@media screen and (max-width:772px){body{background:none;margin-top:0;max-width:none;padding-right:0}}#logo{background:url(//www.google.com/images/branding/googlelogo/1x/googlelogo_color_150x54dp.png) no-repeat;margin-left:-5px}@media only screen and (min-resolution:192dpi){#logo{background:url(//www.google.com/images/branding/googlelogo/2x/googlelogo_color_150x54dp.png) no-repeat 0% 0%/100% 100%;-moz-border-image:url(//www.google.com/images/branding/googlelogo/2x/googlelogo_color_150x54dp.png) 0}}@media only screen and (-webkit-min-device-pixel-ratio:2){#logo{background:url(//www.google.com/images/branding/googlelogo/2x/googlelogo_color_150x54dp.png) no-repeat;-webkit-background-size:100% 100%}}#logo{display:inline-block;height:54px;width:150px}\n  </style>\n  <a href=//www.google.com/><span id=logo aria-label=Google></span></a>\n  <p><b>502.</b> <ins>That’s an error.</ins>\n  <p>The server encountered a temporary error and could not complete your request.<p>Please try again in 30 seconds.  <ins>That’s all we know.</ins>\n",
    "headers": {
      "content-type": "text/html; charset=UTF-8",
      "referrer-policy": "no-referrer",
      "content-length": "1613",
      "date": "Thu, 25 Jul 2019 19:39:13 GMT",
      "alt-svc": "quic=\":443\"; ma=2592000; v=\"46,43,39\""
    },
    "request": {
      "uri": {
        "protocol": "https:",
        "slashes": true,
        "auth": null,
        "host": "serviceusage.googleapis.com",
        "port": 443,
        "hostname": "serviceusage.googleapis.com",
        "hash": null,
        "search": null,
        "query": null,
        "pathname": "/v1/projects/app-tokpets-dev/services/cloudfunctions.googleapis.com",
        "path": "/v1/projects/app-tokpets-dev/services/cloudfunctions.googleapis.com",
        "href": "https://serviceusage.googleapis.com/v1/projects/app-tokpets-dev/services/cloudfunctions.googleapis.com"
      },
      "method": "GET"
    }
  }
}
[debug] [2019-07-25T19:39:58.573Z] ----------------------------------------------------------------------
[debug] [2019-07-25T19:39:58.576Z] Command:       C:\Program Files\nodejs\node.exe C:\Users\walla\AppData\Roaming\npm\node_modules\firebase-tools\lib\bin\firebase.js deploy
[debug] [2019-07-25T19:39:58.576Z] CLI Version:   7.1.1
[debug] [2019-07-25T19:39:58.576Z] Platform:      win32
[debug] [2019-07-25T19:39:58.576Z] Node Version:  v10.14.1
[debug] [2019-07-25T19:39:58.578Z] Time:          Thu Jul 25 2019 14:39:58 GMT-0500 (GMT-05:00)
[debug] [2019-07-25T19:39:58.578Z] ----------------------------------------------------------------------
[debug] 
[debug] [2019-07-25T19:39:58.591Z] > command requires scopes: ["email","openid","https://www.googleapis.com/auth/cloudplatformprojects.readonly","https://www.googleapis.com/auth/firebase","https://www.googleapis.com/auth/cloud-platform"]
[debug] [2019-07-25T19:39:58.593Z] > authorizing via signed-in user
[debug] [2019-07-25T19:39:58.593Z] [iam] checking project app-tokpets-dev for permissions ["cloudfunctions.functions.create","cloudfunctions.functions.delete","cloudfunctions.functions.get","cloudfunctions.functions.list","cloudfunctions.functions.update","cloudfunctions.operations.get","datastore.indexes.create","datastore.indexes.delete","datastore.indexes.list","datastore.indexes.update","firebase.projects.get","firebasedatabase.instances.update","firebasehosting.sites.update","firebaserules.releases.create","firebaserules.releases.update","firebaserules.rulesets.create"]
[debug] [2019-07-25T19:39:58.596Z] >>> HTTP REQUEST POST https://cloudresourcemanager.googleapis.com/v1/projects/app-tokpets-dev:testIamPermissions  

[debug] [2019-07-25T19:40:00.287Z] <<< HTTP RESPONSE 200
[debug] [2019-07-25T19:40:00.299Z] >>> HTTP REQUEST GET https://firebase.googleapis.com/v1beta1/projects/app-tokpets-dev  
 
[debug] [2019-07-25T19:40:14.776Z] <<< HTTP RESPONSE 200
[debug] [2019-07-25T19:41:51.711Z] ----------------------------------------------------------------------
[debug] [2019-07-25T19:41:51.719Z] Command:       C:\Program Files\nodejs\node.exe C:\Users\walla\AppData\Roaming\npm\node_modules\firebase-tools\lib\bin\firebase.js deploy
[debug] [2019-07-25T19:41:51.720Z] CLI Version:   7.1.1
[debug] [2019-07-25T19:41:51.720Z] Platform:      win32
[debug] [2019-07-25T19:41:51.720Z] Node Version:  v10.14.1
[debug] [2019-07-25T19:41:51.723Z] Time:          Thu Jul 25 2019 14:41:51 GMT-0500 (GMT-05:00)
[debug] [2019-07-25T19:41:51.723Z] ----------------------------------------------------------------------
[debug] 
[debug] [2019-07-25T19:41:51.745Z] > command requires scopes: ["email","openid","https://www.googleapis.com/auth/cloudplatformprojects.readonly","https://www.googleapis.com/auth/firebase","https://www.googleapis.com/auth/cloud-platform"]
[debug] [2019-07-25T19:41:51.747Z] > authorizing via signed-in user
[debug] [2019-07-25T19:41:51.747Z] [iam] checking project app-tokpets-dev for permissions ["cloudfunctions.functions.create","cloudfunctions.functions.delete","cloudfunctions.functions.get","cloudfunctions.functions.list","cloudfunctions.functions.update","cloudfunctions.operations.get","datastore.indexes.create","datastore.indexes.delete","datastore.indexes.list","datastore.indexes.update","firebase.projects.get","firebasedatabase.instances.update","firebasehosting.sites.update","firebaserules.releases.create","firebaserules.releases.update","firebaserules.rulesets.create"]
[debug] [2019-07-25T19:41:51.750Z] >>> HTTP REQUEST POST https://cloudresourcemanager.googleapis.com/v1/projects/app-tokpets-dev:testIamPermissions  

[debug] [2019-07-25T19:41:54.492Z] <<< HTTP RESPONSE 200
[debug] [2019-07-25T19:41:54.507Z] >>> HTTP REQUEST GET https://firebase.googleapis.com/v1beta1/projects/app-tokpets-dev  
 
[debug] [2019-07-25T19:41:58.946Z] <<< HTTP RESPONSE 200
[info] 
[info] === Deploying to 'app-tokpets-dev'...
[info] 
[info] i  deploying database, storage, firestore, functions, hosting
[info] Running command: npm --prefix "$RESOURCE_DIR" run lint
[info] Running command: npm --prefix "$RESOURCE_DIR" run build
[info] +  functions: Finished running predeploy script.
[info] i  database: checking rules syntax...
[debug] [2019-07-25T19:42:22.538Z] >>> HTTP REQUEST PUT https://app-tokpets-dev.firebaseio.com/.settings/rules.json?dryRun=true  
 {
  "rules": {
    ".read": false,
    ".write": false
  }
}
[debug] [2019-07-25T19:50:12.345Z] ----------------------------------------------------------------------
[debug] [2019-07-25T19:50:12.347Z] Command:       C:\Program Files\nodejs\node.exe C:\Users\walla\AppData\Roaming\npm\node_modules\firebase-tools\lib\bin\firebase.js deploy
[debug] [2019-07-25T19:50:12.348Z] CLI Version:   7.1.1
[debug] [2019-07-25T19:50:12.348Z] Platform:      win32
[debug] [2019-07-25T19:50:12.348Z] Node Version:  v10.14.1
[debug] [2019-07-25T19:50:12.349Z] Time:          Thu Jul 25 2019 14:50:12 GMT-0500 (GMT-05:00)
[debug] [2019-07-25T19:50:12.349Z] ----------------------------------------------------------------------
[debug] 
[debug] [2019-07-25T19:50:12.362Z] > command requires scopes: ["email","openid","https://www.googleapis.com/auth/cloudplatformprojects.readonly","https://www.googleapis.com/auth/firebase","https://www.googleapis.com/auth/cloud-platform"]
[debug] [2019-07-25T19:50:12.363Z] > authorizing via signed-in user
[debug] [2019-07-25T19:50:12.363Z] [iam] checking project app-tokpets-dev for permissions ["cloudfunctions.functions.create","cloudfunctions.functions.delete","cloudfunctions.functions.get","cloudfunctions.functions.list","cloudfunctions.functions.update","cloudfunctions.operations.get","datastore.indexes.create","datastore.indexes.delete","datastore.indexes.list","datastore.indexes.update","firebase.projects.get","firebasedatabase.instances.update","firebasehosting.sites.update","firebaserules.releases.create","firebaserules.releases.update","firebaserules.rulesets.create"]
[debug] [2019-07-25T19:50:12.365Z] >>> HTTP REQUEST POST https://cloudresourcemanager.googleapis.com/v1/projects/app-tokpets-dev:testIamPermissions  

[debug] [2019-07-25T19:50:15.626Z] <<< HTTP RESPONSE 200
[debug] [2019-07-25T19:50:15.637Z] >>> HTTP REQUEST GET https://firebase.googleapis.com/v1beta1/projects/app-tokpets-dev  
 
[debug] [2019-07-25T19:50:17.620Z] <<< HTTP RESPONSE 200
[info] 
[info] === Deploying to 'app-tokpets-dev'...
[info] 
[info] i  deploying database, storage, firestore, functions, hosting
[info] Running command: npm --prefix "$RESOURCE_DIR" run lint
[info] Running command: npm --prefix "$RESOURCE_DIR" run build
[info] +  functions: Finished running predeploy script.
[info] i  database: checking rules syntax...
[debug] [2019-07-25T19:50:38.397Z] >>> HTTP REQUEST PUT https://app-tokpets-dev.firebaseio.com/.settings/rules.json?dryRun=true  
 {
  "rules": {
    ".read": false,
    ".write": false
  }
}
[debug] [2019-07-25T19:50:56.636Z] <<< HTTP RESPONSE 200
[info] +  database: rules syntax for database app-tokpets-dev is valid
[debug] [2019-07-25T19:50:56.641Z] >>> HTTP REQUEST GET https://appengine.googleapis.com/v1/apps/app-tokpets-dev  
 
[debug] [2019-07-25T19:50:58.368Z] <<< HTTP RESPONSE 200
[info] i  storage: checking ./server/storage/storage.rules for compilation errors...
[debug] [2019-07-25T19:50:58.375Z] >>> HTTP REQUEST POST https://firebaserules.googleapis.com/v1/projects/app-tokpets-dev:test  

[debug] [2019-07-25T19:51:00.025Z] <<< HTTP RESPONSE 200
[info] +  storage: rules file ./server/storage/storage.rules compiled successfully
[info] i  firestore: checking ./server/database/firestore.rules for compilation errors...
[info] i  firestore: reading indexes from ./server/database/firestore.indexes.json...
[debug] [2019-07-25T19:51:00.035Z] >>> HTTP REQUEST POST https://firebaserules.googleapis.com/v1/projects/app-tokpets-dev:test  

[debug] [2019-07-25T19:51:01.540Z] <<< HTTP RESPONSE 200
[info] +  firestore: rules file ./server/database/firestore.rules compiled successfully
[debug] [2019-07-25T19:51:01.552Z] > [functions] package.json contents: {
  "name": "functions",
  "scripts": {
    "lint": "tslint --project tsconfig.json",
    "build": "tsc",
    "serve": "npm run build && firebase serve --only functions",
    "shell": "npm run build && firebase functions:shell",
    "start": "npm run shell",
    "deploy": "firebase deploy --only functions",
    "logs": "firebase functions:log"
  },
  "engines": {
    "node": "8"
  },
  "main": "lib/index.js",
  "dependencies": {
    "firebase-admin": "^8.0.0",
    "firebase-functions": "^3.1.0"
  },
  "devDependencies": {
    "tslint": "^5.12.0",
    "typescript": "^3.2.2"
  },
  "private": true
}
[info] i  functions: ensuring necessary APIs are enabled...
[debug] [2019-07-25T19:51:01.555Z] >>> HTTP REQUEST GET https://serviceusage.googleapis.com/v1/projects/app-tokpets-dev/services/cloudfunctions.googleapis.com  
 
[debug] [2019-07-25T19:51:01.558Z] >>> HTTP REQUEST GET https://serviceusage.googleapis.com/v1/projects/app-tokpets-dev/services/runtimeconfig.googleapis.com  
 
[debug] [2019-07-25T19:51:02.740Z] <<< HTTP RESPONSE 200
[debug] [2019-07-25T19:51:03.902Z] <<< HTTP RESPONSE 200
[info] +  functions: all necessary APIs are enabled
[debug] [2019-07-25T19:51:03.905Z] >>> HTTP REQUEST GET https://firebase.googleapis.com/v1beta1/projects/app-tokpets-dev/adminSdkConfig  
 
[debug] [2019-07-25T19:51:06.280Z] <<< HTTP RESPONSE 200
[debug] [2019-07-25T19:51:06.281Z] >>> HTTP REQUEST POST https://firebasehosting.googleapis.com/v1beta1/sites/app-tokpets-dev/versions  

[debug] [2019-07-25T19:51:12.636Z] <<< HTTP RESPONSE 200
[info] i  storage: uploading rules ./server/storage/storage.rules...
[debug] [2019-07-25T19:51:12.641Z] >>> HTTP REQUEST POST https://firebaserules.googleapis.com/v1/projects/app-tokpets-dev/rulesets  

[debug] [2019-07-25T19:51:44.854Z] Error: connect ETIMEDOUT 216.58.222.202:443
    at TCPConnectWrap.afterConnect [as oncomplete] (net.js:1113:14)
[error] 
[error] Error: Server Error. connect ETIMEDOUT 216.58.222.202:443
